This file contains any messages produced by compilers while
running configure, to aid debugging if configure makes a mistake.

It was created by Pan configure 0.139, which was
generated by GNU Autoconf 2.68.  Invocation command line was

  $ ./configure --with-gnutls

## --------- ##
## Platform. ##
## --------- ##

hostname = herald-desktop
uname -m = x86_64
uname -r = 3.2.0-60-generic
uname -s = Linux
uname -v = #91-Ubuntu SMP Wed Feb 19 03:54:44 UTC 2014

/usr/bin/uname -p = unknown
/bin/uname -X     = unknown

/bin/arch              = unknown
/usr/bin/arch -k       = unknown
/usr/convex/getsysinfo = unknown
/usr/bin/hostinfo      = unknown
/bin/machine           = unknown
/usr/bin/oslevel       = unknown
/bin/universe          = unknown

PATH: /home/herald/bin
PATH: /usr/lib/lightdm/lightdm
PATH: /usr/local/sbin
PATH: /usr/local/bin
PATH: /usr/sbin
PATH: /usr/bin
PATH: /sbin
PATH: /bin
PATH: /usr/games
PATH: /home/herald/chromium/depot_tools
PATH: /home/herald/bin
PATH: /home/herald/lib/scala/bin
PATH: /home/herald/lib/go/bin
PATH: /home/herald/lib/node/bin


## ----------- ##
## Core tests. ##
## ----------- ##

configure:2432: checking for a BSD-compatible install
configure:2500: result: /usr/bin/install -c
configure:2511: checking whether build environment is sane
configure:2561: result: yes
configure:2702: checking for a thread-safe mkdir -p
configure:2741: result: /bin/mkdir -p
configure:2754: checking for gawk
configure:2770: found /usr/bin/gawk
configure:2781: result: gawk
configure:2792: checking whether make sets $(MAKE)
configure:2814: result: yes
configure:2889: checking how to create a ustar tar archive
configure:2902: tar --version
tar (GNU tar) 1.26
Copyright (C) 2011 Free Software Foundation, Inc.
License GPLv3+: GNU GPL version 3 or later <http://gnu.org/licenses/gpl.html>.
This is free software: you are free to change and redistribute it.
There is NO WARRANTY, to the extent permitted by law.

Written by John Gilmore and Jay Fenlason.
configure:2905: $? = 0
configure:2945: tardir=conftest.dir && eval tar --format=ustar -chf - "$tardir" >conftest.tar
configure:2948: $? = 0
configure:2952: tar -xf - <conftest.tar
configure:2955: $? = 0
configure:2968: result: gnutar
configure:2976: checking whether to enable maintainer-specific portions of Makefiles
configure:2985: result: yes
configure:3010: checking whether make supports nested variables
configure:3027: result: yes
configure:3119: checking for g++
configure:3135: found /usr/bin/g++
configure:3146: result: g++
configure:3173: checking for C++ compiler version
configure:3182: g++ --version >&5
g++ (Ubuntu/Linaro 4.6.3-1ubuntu5) 4.6.3
Copyright (C) 2011 Free Software Foundation, Inc.
This is free software; see the source for copying conditions.  There is NO
warranty; not even for MERCHANTABILITY or FITNESS FOR A PARTICULAR PURPOSE.

configure:3193: $? = 0
configure:3182: g++ -v >&5
Using built-in specs.
COLLECT_GCC=g++
COLLECT_LTO_WRAPPER=/usr/lib/gcc/x86_64-linux-gnu/4.6/lto-wrapper
Target: x86_64-linux-gnu
Configured with: ../src/configure -v --with-pkgversion='Ubuntu/Linaro 4.6.3-1ubuntu5' --with-bugurl=file:///usr/share/doc/gcc-4.6/README.Bugs --enable-languages=c,c++,fortran,objc,obj-c++ --prefix=/usr --program-suffix=-4.6 --enable-shared --enable-linker-build-id --with-system-zlib --libexecdir=/usr/lib --without-included-gettext --enable-threads=posix --with-gxx-include-dir=/usr/include/c++/4.6 --libdir=/usr/lib --enable-nls --with-sysroot=/ --enable-clocale=gnu --enable-libstdcxx-debug --enable-libstdcxx-time=yes --enable-gnu-unique-object --enable-plugin --enable-objc-gc --disable-werror --with-arch-32=i686 --with-tune=generic --enable-checking=release --build=x86_64-linux-gnu --host=x86_64-linux-gnu --target=x86_64-linux-gnu
Thread model: posix
gcc version 4.6.3 (Ubuntu/Linaro 4.6.3-1ubuntu5) 
configure:3193: $? = 0
configure:3182: g++ -V >&5
g++: error: unrecognized option '-V'
g++: fatal error: no input files
compilation terminated.
configure:3193: $? = 4
configure:3182: g++ -qversion >&5
g++: error: unrecognized option '-qversion'
g++: fatal error: no input files
compilation terminated.
configure:3193: $? = 4
configure:3213: checking whether the C++ compiler works
configure:3235: g++    conftest.cpp  >&5
configure:3239: $? = 0
configure:3287: result: yes
configure:3290: checking for C++ compiler default output file name
configure:3292: result: a.out
configure:3298: checking for suffix of executables
configure:3305: g++ -o conftest    conftest.cpp  >&5
configure:3309: $? = 0
configure:3331: result: 
configure:3353: checking whether we are cross compiling
configure:3361: g++ -o conftest    conftest.cpp  >&5
configure:3365: $? = 0
configure:3372: ./conftest
configure:3376: $? = 0
configure:3391: result: no
configure:3396: checking for suffix of object files
configure:3418: g++ -c   conftest.cpp >&5
configure:3422: $? = 0
configure:3443: result: o
configure:3447: checking whether we are using the GNU C++ compiler
configure:3466: g++ -c   conftest.cpp >&5
configure:3466: $? = 0
configure:3475: result: yes
configure:3484: checking whether g++ accepts -g
configure:3504: g++ -c -g  conftest.cpp >&5
configure:3504: $? = 0
configure:3545: result: yes
configure:3579: checking for style of include used by make
configure:3607: result: GNU
configure:3633: checking dependency style of g++
configure:3744: result: gcc3
configure:3807: checking for gcc
configure:3823: found /usr/bin/gcc
configure:3834: result: gcc
configure:4063: checking for C compiler version
configure:4072: gcc --version >&5
gcc (Ubuntu/Linaro 4.6.3-1ubuntu5) 4.6.3
Copyright (C) 2011 Free Software Foundation, Inc.
This is free software; see the source for copying conditions.  There is NO
warranty; not even for MERCHANTABILITY or FITNESS FOR A PARTICULAR PURPOSE.

configure:4083: $? = 0
configure:4072: gcc -v >&5
Using built-in specs.
COLLECT_GCC=gcc
COLLECT_LTO_WRAPPER=/usr/lib/gcc/x86_64-linux-gnu/4.6/lto-wrapper
Target: x86_64-linux-gnu
Configured with: ../src/configure -v --with-pkgversion='Ubuntu/Linaro 4.6.3-1ubuntu5' --with-bugurl=file:///usr/share/doc/gcc-4.6/README.Bugs --enable-languages=c,c++,fortran,objc,obj-c++ --prefix=/usr --program-suffix=-4.6 --enable-shared --enable-linker-build-id --with-system-zlib --libexecdir=/usr/lib --without-included-gettext --enable-threads=posix --with-gxx-include-dir=/usr/include/c++/4.6 --libdir=/usr/lib --enable-nls --with-sysroot=/ --enable-clocale=gnu --enable-libstdcxx-debug --enable-libstdcxx-time=yes --enable-gnu-unique-object --enable-plugin --enable-objc-gc --disable-werror --with-arch-32=i686 --with-tune=generic --enable-checking=release --build=x86_64-linux-gnu --host=x86_64-linux-gnu --target=x86_64-linux-gnu
Thread model: posix
gcc version 4.6.3 (Ubuntu/Linaro 4.6.3-1ubuntu5) 
configure:4083: $? = 0
configure:4072: gcc -V >&5
gcc: error: unrecognized option '-V'
gcc: fatal error: no input files
compilation terminated.
configure:4083: $? = 4
configure:4072: gcc -qversion >&5
gcc: error: unrecognized option '-qversion'
gcc: fatal error: no input files
compilation terminated.
configure:4083: $? = 4
configure:4087: checking whether we are using the GNU C compiler
configure:4106: gcc -c   conftest.c >&5
configure:4106: $? = 0
configure:4115: result: yes
configure:4124: checking whether gcc accepts -g
configure:4144: gcc -c -g  conftest.c >&5
configure:4144: $? = 0
configure:4185: result: yes
configure:4202: checking for gcc option to accept ISO C89
configure:4266: gcc  -c -g -O2  conftest.c >&5
configure:4266: $? = 0
configure:4279: result: none needed
configure:4301: checking dependency style of gcc
configure:4412: result: gcc3
configure:4433: checking how to run the C preprocessor
configure:4464: gcc -E  conftest.c
configure:4464: $? = 0
configure:4478: gcc -E  conftest.c
conftest.c:16:28: fatal error: ac_nonexistent.h: No such file or directory
compilation terminated.
configure:4478: $? = 1
configure: failed program was:
| /* confdefs.h */
| #define PACKAGE_NAME "Pan"
| #define PACKAGE_TARNAME "pan"
| #define PACKAGE_VERSION "0.139"
| #define PACKAGE_STRING "Pan 0.139"
| #define PACKAGE_BUGREPORT "https://bugzilla.gnome.org/enter_bug.cgi?product=Pan"
| #define PACKAGE_URL "http://pan.rebelbase.com/"
| #define VERSION_MAJOR 0
| #define VERSION_MINOR 139
| #define VERSION_REVISION 0
| #define VERSION_TITLE "Sexual Chocolate"
| #define GIT_REV "GIT bf56508 git://git.gnome.org/pan2"
| #define PACKAGE "pan"
| #define VERSION "0.139"
| /* end confdefs.h.  */
| #include <ac_nonexistent.h>
configure:4503: result: gcc -E
configure:4523: gcc -E  conftest.c
configure:4523: $? = 0
configure:4537: gcc -E  conftest.c
conftest.c:16:28: fatal error: ac_nonexistent.h: No such file or directory
compilation terminated.
configure:4537: $? = 1
configure: failed program was:
| /* confdefs.h */
| #define PACKAGE_NAME "Pan"
| #define PACKAGE_TARNAME "pan"
| #define PACKAGE_VERSION "0.139"
| #define PACKAGE_STRING "Pan 0.139"
| #define PACKAGE_BUGREPORT "https://bugzilla.gnome.org/enter_bug.cgi?product=Pan"
| #define PACKAGE_URL "http://pan.rebelbase.com/"
| #define VERSION_MAJOR 0
| #define VERSION_MINOR 139
| #define VERSION_REVISION 0
| #define VERSION_TITLE "Sexual Chocolate"
| #define GIT_REV "GIT bf56508 git://git.gnome.org/pan2"
| #define PACKAGE "pan"
| #define VERSION "0.139"
| /* end confdefs.h.  */
| #include <ac_nonexistent.h>
configure:4566: checking for grep that handles long lines and -e
configure:4624: result: /bin/grep
configure:4629: checking for egrep
configure:4691: result: /bin/grep -E
configure:4696: checking for ANSI C header files
configure:4716: gcc -c -g -O2  conftest.c >&5
configure:4716: $? = 0
configure:4789: gcc -o conftest -g -O2   conftest.c  >&5
configure:4789: $? = 0
configure:4789: ./conftest
configure:4789: $? = 0
configure:4800: result: yes
configure:4808: checking whether time.h and sys/time.h may both be included
configure:4828: gcc -c -g -O2  conftest.c >&5
configure:4828: $? = 0
configure:4835: result: yes
configure:4846: checking for localtime_r
configure:4846: gcc -o conftest -g -O2   conftest.c  >&5
configure:4846: $? = 0
configure:4846: result: yes
configure:4846: checking for close
configure:4846: gcc -o conftest -g -O2   conftest.c  >&5
configure:4846: $? = 0
configure:4846: result: yes
configure:4857: checking for tr1/unordered_set
configure:4880: g++ -c -g -O2  conftest.cpp >&5
configure:4880: $? = 0
configure:4894: result: yes
configure:4902: checking whether the compiler implements namespaces
configure:4925: g++ -c -g -O2  conftest.cpp >&5
configure:4925: $? = 0
configure:4939: result: yes
configure:4947: checking whether the compiler has ext/hash_set
configure:4974: g++ -c -g -O2  conftest.cpp >&5
In file included from /usr/include/c++/4.6/ext/hash_set:61:0,
                 from conftest.cpp:22:
/usr/include/c++/4.6/backward/backward_warning.h:33:2: warning: #warning This file includes at least one deprecated or antiquated header which may be removed without further notice at a future date. Please use a non-deprecated interface with equivalent functionality instead. For a listing of replacement headers and interfaces, consult the file backward_warning.h. To disable this warning use -Wno-deprecated. [-Wcpp]
configure:4974: $? = 0
configure:4988: result: yes
configure:5000: checking for gawk
configure:5027: result: gawk
configure:5039: checking whether make sets $(MAKE)
configure:5061: result: yes
configure:5113: checking for ranlib
configure:5129: found /usr/bin/ranlib
configure:5140: result: ranlib
configure:5168: checking for sys/types.h
configure:5168: gcc -c -g -O2  conftest.c >&5
configure:5168: $? = 0
configure:5168: result: yes
configure:5168: checking for sys/stat.h
configure:5168: gcc -c -g -O2  conftest.c >&5
configure:5168: $? = 0
configure:5168: result: yes
configure:5168: checking for stdlib.h
configure:5168: gcc -c -g -O2  conftest.c >&5
configure:5168: $? = 0
configure:5168: result: yes
configure:5168: checking for string.h
configure:5168: gcc -c -g -O2  conftest.c >&5
configure:5168: $? = 0
configure:5168: result: yes
configure:5168: checking for memory.h
configure:5168: gcc -c -g -O2  conftest.c >&5
configure:5168: $? = 0
configure:5168: result: yes
configure:5168: checking for strings.h
configure:5168: gcc -c -g -O2  conftest.c >&5
configure:5168: $? = 0
configure:5168: result: yes
configure:5168: checking for inttypes.h
configure:5168: gcc -c -g -O2  conftest.c >&5
configure:5168: $? = 0
configure:5168: result: yes
configure:5168: checking for stdint.h
configure:5168: gcc -c -g -O2  conftest.c >&5
configure:5168: $? = 0
configure:5168: result: yes
configure:5168: checking for unistd.h
configure:5168: gcc -c -g -O2  conftest.c >&5
configure:5168: $? = 0
configure:5168: result: yes
configure:5183: checking errno.h usability
configure:5183: gcc -c -g -O2  conftest.c >&5
configure:5183: $? = 0
configure:5183: result: yes
configure:5183: checking errno.h presence
configure:5183: gcc -E  conftest.c
configure:5183: $? = 0
configure:5183: result: yes
configure:5183: checking for errno.h
configure:5183: result: yes
configure:5183: checking fcntl.h usability
configure:5183: gcc -c -g -O2  conftest.c >&5
configure:5183: $? = 0
configure:5183: result: yes
configure:5183: checking fcntl.h presence
configure:5183: gcc -E  conftest.c
configure:5183: $? = 0
configure:5183: result: yes
configure:5183: checking for fcntl.h
configure:5183: result: yes
configure:5195: checking whether NLS is requested
configure:5204: result: yes
configure:5222: checking for intltool >= 0.40.6
configure:5224: result: 0.50.2 found
configure:5232: checking for intltool-update
configure:5250: found /usr/bin/intltool-update
configure:5262: result: /usr/bin/intltool-update
configure:5272: checking for intltool-merge
configure:5290: found /usr/bin/intltool-merge
configure:5302: result: /usr/bin/intltool-merge
configure:5312: checking for intltool-extract
configure:5330: found /usr/bin/intltool-extract
configure:5342: result: /usr/bin/intltool-extract
configure:5496: checking for xgettext
configure:5514: found /usr/bin/xgettext
configure:5526: result: /usr/bin/xgettext
configure:5536: checking for msgmerge
configure:5554: found /usr/bin/msgmerge
configure:5566: result: /usr/bin/msgmerge
configure:5576: checking for msgfmt
configure:5594: found /usr/bin/msgfmt
configure:5606: result: /usr/bin/msgfmt
configure:5616: checking for gmsgfmt
configure:5647: result: /usr/bin/msgfmt
configure:5667: checking for perl
configure:5685: found /usr/bin/perl
configure:5697: result: /usr/bin/perl
configure:5708: checking for perl >= 5.8.1
configure:5715: result: 5.14.2
configure:5719: checking for XML::Parser
configure:5722: result: ok
configure:5747: gcc -o conftest -g -O2   conftest.c  >&5
configure:5747: $? = 0
configure:5783: checking locale.h usability
configure:5783: gcc -c -g -O2  conftest.c >&5
configure:5783: $? = 0
configure:5783: result: yes
configure:5783: checking locale.h presence
configure:5783: gcc -E  conftest.c
configure:5783: $? = 0
configure:5783: result: yes
configure:5783: checking for locale.h
configure:5783: result: yes
configure:5794: checking for LC_MESSAGES
configure:5810: gcc -o conftest -g -O2   conftest.c  >&5
configure:5810: $? = 0
configure:5818: result: yes
configure:5835: checking libintl.h usability
configure:5835: gcc -c -g -O2  conftest.c >&5
configure:5835: $? = 0
configure:5835: result: yes
configure:5835: checking libintl.h presence
configure:5835: gcc -E  conftest.c
configure:5835: $? = 0
configure:5835: result: yes
configure:5835: checking for libintl.h
configure:5835: result: yes
configure:5843: checking for ngettext in libc
configure:5861: gcc -o conftest -g -O2   conftest.c  >&5
configure:5861: $? = 0
configure:5870: result: yes
configure:5874: checking for dgettext in libc
configure:5892: gcc -o conftest -g -O2   conftest.c  >&5
configure:5892: $? = 0
configure:5901: result: yes
configure:5908: checking for bind_textdomain_codeset
configure:5908: gcc -o conftest -g -O2   conftest.c  >&5
configure:5908: $? = 0
configure:5908: result: yes
configure:6184: checking for msgfmt
configure:6211: result: /usr/bin/msgfmt
configure:6222: checking for dcgettext
configure:6222: gcc -o conftest -g -O2   conftest.c   >&5
conftest.c:62:6: warning: conflicting types for built-in function 'dcgettext' [enabled by default]
configure:6222: $? = 0
configure:6222: result: yes
configure:6232: checking if msgfmt accepts -c
configure:6247: $MSGFMT -c -o /dev/null conftest.foo
configure:6250: $? = 0
configure:6252: result: yes
configure:6262: checking for gmsgfmt
configure:6293: result: /usr/bin/msgfmt
configure:6303: checking for xgettext
configure:6330: result: /usr/bin/xgettext
configure:6349: gcc -o conftest -g -O2   conftest.c   >&5
configure:6349: $? = 0
configure:6942: checking for pkg-config
configure:6960: found /usr/bin/pkg-config
configure:6972: result: /usr/bin/pkg-config
configure:6997: checking pkg-config is at least version 0.16
configure:7000: result: yes
configure:7017: checking for GLIB - version >= 2.17.6
configure:7132: gcc -o conftest -g -O2 -pthread -I/usr/include/glib-2.0 -I/usr/lib/x86_64-linux-gnu/glib-2.0/include     conftest.c -Wl,--export-dynamic -pthread -lgobject-2.0 -lgmodule-2.0 -lgthread-2.0 -lrt -lglib-2.0    >&5
configure:7132: $? = 0
configure:7132: ./conftest
configure:7132: $? = 0
configure:7146: result: yes (version 2.32.4)
configure:7219: checking for GMIME
configure:7226: $PKG_CONFIG --exists --print-errors "gmime-2.6 >= $GMIME26_REQUIRED"
configure:7229: $? = 0
configure:7243: $PKG_CONFIG --exists --print-errors "gmime-2.6 >= $GMIME26_REQUIRED"
configure:7246: $? = 0
configure:7472: result: yes
configure:7702: checking for GTKSPELL
configure:7709: $PKG_CONFIG --exists --print-errors "gtkspell-2.0 >= $GTKSPELL_REQUIRED enchant >= $ENCHANT_REQUIRED"
Package gtkspell-2.0 was not found in the pkg-config search path.
Perhaps you should add the directory containing `gtkspell-2.0.pc'
to the PKG_CONFIG_PATH environment variable
No package 'gtkspell-2.0' found
Package enchant was not found in the pkg-config search path.
Perhaps you should add the directory containing `enchant.pc'
to the PKG_CONFIG_PATH environment variable
No package 'enchant' found
configure:7712: $? = 1
configure:7726: $PKG_CONFIG --exists --print-errors "gtkspell-2.0 >= $GTKSPELL_REQUIRED enchant >= $ENCHANT_REQUIRED"
Package gtkspell-2.0 was not found in the pkg-config search path.
Perhaps you should add the directory containing `gtkspell-2.0.pc'
to the PKG_CONFIG_PATH environment variable
No package 'gtkspell-2.0' found
Package enchant was not found in the pkg-config search path.
Perhaps you should add the directory containing `enchant.pc'
to the PKG_CONFIG_PATH environment variable
No package 'enchant' found
configure:7729: $? = 1
configure:7743: result: no
No package 'gtkspell-2.0' found
No package 'enchant' found
configure:7761: result: no
configure:7807: checking for pkg-config
configure:7838: result: /usr/bin/pkg-config
configure:7860: checking for GTK+ - version >= 2.16.0
configure:7970: gcc -o conftest -g -O2 -pthread -I/usr/include/gtk-2.0 -I/usr/lib/x86_64-linux-gnu/gtk-2.0/include -I/usr/include/atk-1.0 -I/usr/include/cairo -I/usr/include/gdk-pixbuf-2.0 -I/usr/include/pango-1.0 -I/usr/include/gio-unix-2.0/ -I/usr/include/glib-2.0 -I/usr/lib/x86_64-linux-gnu/glib-2.0/include -I/usr/include/pixman-1 -I/usr/include/freetype2 -I/usr/include/libpng12     conftest.c -pthread -lgtk-x11-2.0 -lgdk-x11-2.0 -latk-1.0 -lgio-2.0 -lpangoft2-1.0 -lpangocairo-1.0 -lgdk_pixbuf-2.0 -lcairo -lpango-1.0 -lfreetype -lfontconfig -lgobject-2.0 -lgthread-2.0 -lrt -lglib-2.0    >&5
configure:7970: $? = 0
configure:7970: ./conftest
configure:7970: $? = 0
configure:7984: result: yes (version 2.24.10)
configure:8062: checking for GNUTLS
configure:8069: $PKG_CONFIG --exists --print-errors "gnutls >= $GNUTLS_REQUIRED"
configure:8072: $? = 0
configure:8086: $PKG_CONFIG --exists --print-errors "gnutls >= $GNUTLS_REQUIRED"
configure:8089: $? = 0
configure:8131: result: yes
configure:8320: checking for %l and %k support in strftime
configure:8338: gcc -o conftest -g -O2   conftest.c  >&5
conftest.c: In function 'main':
conftest.c:51:3: warning: incompatible implicit declaration of built-in function 'exit' [enabled by default]
configure:8338: $? = 0
configure:8338: ./conftest
configure:8338: $? = 0
configure:8352: result: yes
configure:8359: checking build system type
configure:8373: result: x86_64-unknown-linux-gnu
configure:8393: checking host system type
configure:8406: result: x86_64-unknown-linux-gnu
configure:8664: creating ./config.status

## ---------------------- ##
## Running config.status. ##
## ---------------------- ##

This file was extended by Pan config.status 0.139, which was
generated by GNU Autoconf 2.68.  Invocation command line was

  CONFIG_FILES    = 
  CONFIG_HEADERS  = 
  CONFIG_LINKS    = 
  CONFIG_COMMANDS = 
  $ ./config.status 

on herald-desktop

config.status:1028: creating Makefile
config.status:1028: creating pan.spec
config.status:1028: creating pan.iss
config.status:1028: creating README.windows
config.status:1028: creating po/Makefile.in
config.status:1028: creating uulib/Makefile
config.status:1028: creating pan/Makefile
config.status:1028: creating pan/general/Makefile
config.status:1028: creating pan/usenet-utils/Makefile
config.status:1028: creating pan/data/Makefile
config.status:1028: creating pan/tasks/Makefile
config.status:1028: creating pan/icons/Makefile
config.status:1028: creating pan/data-impl/Makefile
config.status:1028: creating pan/gui/Makefile
config.status:1028: creating config.h
config.status:1209: config.h is unchanged
config.status:1257: executing depfiles commands
config.status:1257: executing default-1 commands
config.status:1257: executing po/stamp-it commands

## ---------------- ##
## Cache variables. ##
## ---------------- ##

ac_cv_build=x86_64-unknown-linux-gnu
ac_cv_c_compiler_gnu=yes
ac_cv_cxx_compiler_gnu=yes
ac_cv_cxx_have_ext_hash_set=yes
ac_cv_cxx_namespaces=yes
ac_cv_cxx_tr1_unordered_set=yes
ac_cv_env_CCC_set=
ac_cv_env_CCC_value=
ac_cv_env_CC_set=
ac_cv_env_CC_value=
ac_cv_env_CFLAGS_set=
ac_cv_env_CFLAGS_value=
ac_cv_env_CPPFLAGS_set=
ac_cv_env_CPPFLAGS_value=
ac_cv_env_CPP_set=
ac_cv_env_CPP_value=
ac_cv_env_CXXFLAGS_set=
ac_cv_env_CXXFLAGS_value=
ac_cv_env_CXX_set=
ac_cv_env_CXX_value=
ac_cv_env_GMIME_CFLAGS_set=
ac_cv_env_GMIME_CFLAGS_value=
ac_cv_env_GMIME_LIBS_set=
ac_cv_env_GMIME_LIBS_value=
ac_cv_env_GNUTLS_CFLAGS_set=
ac_cv_env_GNUTLS_CFLAGS_value=
ac_cv_env_GNUTLS_LIBS_set=
ac_cv_env_GNUTLS_LIBS_value=
ac_cv_env_GTKSPELL_CFLAGS_set=
ac_cv_env_GTKSPELL_CFLAGS_value=
ac_cv_env_GTKSPELL_LIBS_set=
ac_cv_env_GTKSPELL_LIBS_value=
ac_cv_env_GTK_CFLAGS_set=
ac_cv_env_GTK_CFLAGS_value=
ac_cv_env_GTK_LIBS_set=
ac_cv_env_GTK_LIBS_value=
ac_cv_env_LDFLAGS_set=
ac_cv_env_LDFLAGS_value=
ac_cv_env_LIBGNOME_KEYRING_1_CFLAGS_set=
ac_cv_env_LIBGNOME_KEYRING_1_CFLAGS_value=
ac_cv_env_LIBGNOME_KEYRING_1_LIBS_set=
ac_cv_env_LIBGNOME_KEYRING_1_LIBS_value=
ac_cv_env_LIBNOTIFY_CFLAGS_set=
ac_cv_env_LIBNOTIFY_CFLAGS_value=
ac_cv_env_LIBNOTIFY_LIBS_set=
ac_cv_env_LIBNOTIFY_LIBS_value=
ac_cv_env_LIBS_set=
ac_cv_env_LIBS_value=
ac_cv_env_PKG_CONFIG_LIBDIR_set=
ac_cv_env_PKG_CONFIG_LIBDIR_value=
ac_cv_env_PKG_CONFIG_PATH_set=
ac_cv_env_PKG_CONFIG_PATH_value=
ac_cv_env_PKG_CONFIG_set=
ac_cv_env_PKG_CONFIG_value=
ac_cv_env_build_alias_set=
ac_cv_env_build_alias_value=
ac_cv_env_host_alias_set=
ac_cv_env_host_alias_value=
ac_cv_env_target_alias_set=
ac_cv_env_target_alias_value=
ac_cv_func_bind_textdomain_codeset=yes
ac_cv_func_close=yes
ac_cv_func_dcgettext=yes
ac_cv_func_localtime_r=yes
ac_cv_header_errno_h=yes
ac_cv_header_fcntl_h=yes
ac_cv_header_inttypes_h=yes
ac_cv_header_libintl_h=yes
ac_cv_header_locale_h=yes
ac_cv_header_memory_h=yes
ac_cv_header_stdc=yes
ac_cv_header_stdint_h=yes
ac_cv_header_stdlib_h=yes
ac_cv_header_string_h=yes
ac_cv_header_strings_h=yes
ac_cv_header_sys_stat_h=yes
ac_cv_header_sys_types_h=yes
ac_cv_header_time=yes
ac_cv_header_unistd_h=yes
ac_cv_host=x86_64-unknown-linux-gnu
ac_cv_lkstrftime=yes
ac_cv_objext=o
ac_cv_path_EGREP='/bin/grep -E'
ac_cv_path_GMSGFMT=/usr/bin/msgfmt
ac_cv_path_GREP=/bin/grep
ac_cv_path_INTLTOOL_EXTRACT=/usr/bin/intltool-extract
ac_cv_path_INTLTOOL_MERGE=/usr/bin/intltool-merge
ac_cv_path_INTLTOOL_PERL=/usr/bin/perl
ac_cv_path_INTLTOOL_UPDATE=/usr/bin/intltool-update
ac_cv_path_MSGFMT=/usr/bin/msgfmt
ac_cv_path_MSGMERGE=/usr/bin/msgmerge
ac_cv_path_PKG_CONFIG=/usr/bin/pkg-config
ac_cv_path_XGETTEXT=/usr/bin/xgettext
ac_cv_path_ac_pt_PKG_CONFIG=/usr/bin/pkg-config
ac_cv_path_install='/usr/bin/install -c'
ac_cv_path_mkdir=/bin/mkdir
ac_cv_prog_AWK=gawk
ac_cv_prog_CPP='gcc -E'
ac_cv_prog_ac_ct_CC=gcc
ac_cv_prog_ac_ct_CXX=g++
ac_cv_prog_ac_ct_RANLIB=ranlib
ac_cv_prog_cc_c89=
ac_cv_prog_cc_g=yes
ac_cv_prog_cxx_g=yes
ac_cv_prog_make_make_set=yes
am_cv_CC_dependencies_compiler_type=gcc3
am_cv_CXX_dependencies_compiler_type=gcc3
am_cv_make_support_nested_variables=yes
am_cv_prog_tar_ustar=gnutar
am_cv_val_LC_MESSAGES=yes
gt_cv_func_dgettext_libc=yes
gt_cv_func_dgettext_libintl=no
gt_cv_func_ngettext_libc=yes
gt_cv_have_gettext=yes
pkg_cv_GMIME_CFLAGS='-pthread -D_LARGEFILE64_SOURCE -I/usr/include/glib-2.0 -I/usr/lib/x86_64-linux-gnu/glib-2.0/include -I/usr/include/gmime-2.6  '
pkg_cv_GMIME_LIBS='-lgmime-2.6 -lgio-2.0 -lgobject-2.0 -lglib-2.0  '
pkg_cv_GNUTLS_CFLAGS='-I/usr/include/p11-kit-1  '
pkg_cv_GNUTLS_LIBS='-lgnutls  '

## ----------------- ##
## Output variables. ##
## ----------------- ##

ACLOCAL='${SHELL} /home/herald/workspace/pan-0.139/missing --run aclocal-1.11'
ALL_LINGUAS=''
AMDEPBACKSLASH='\'
AMDEP_FALSE='#'
AMDEP_TRUE=''
AMTAR='$${TAR-tar}'
AM_BACKSLASH='\'
AM_DEFAULT_V='$(AM_DEFAULT_VERBOSITY)'
AM_DEFAULT_VERBOSITY='0'
AM_V='$(V)'
AUTOCONF='${SHELL} /home/herald/workspace/pan-0.139/missing --run autoconf'
AUTOHEADER='${SHELL} /home/herald/workspace/pan-0.139/missing --run autoheader'
AUTOMAKE='${SHELL} /home/herald/workspace/pan-0.139/missing --run automake-1.11'
AWK='gawk'
CATALOGS=''
CATOBJEXT='.gmo'
CC='gcc'
CCDEPMODE='depmode=gcc3'
CFLAGS='-g -O2'
CPP='gcc -E'
CPPFLAGS=''
CXX='g++'
CXXDEPMODE='depmode=gcc3'
CXXFLAGS='-g -O2'
CYGPATH_W='echo'
DATADIRNAME='share'
DEFS='-DHAVE_CONFIG_H'
DEPDIR='.deps'
ECHO_C=''
ECHO_N='-n'
ECHO_T=''
EGREP='/bin/grep -E'
ENCHANT_CFLAGS=''
ENCHANT_LIBS=''
EXEEXT=''
GETTEXT_PACKAGE='pan'
GLIB_CFLAGS='-pthread -I/usr/include/glib-2.0 -I/usr/lib/x86_64-linux-gnu/glib-2.0/include  '
GLIB_COMPILE_RESOURCES='/usr/lib/x86_64-linux-gnu/glib-2.0/glib-compile-resources'
GLIB_GENMARSHAL='glib-genmarshal'
GLIB_LIBS='-Wl,--export-dynamic -pthread -lgobject-2.0 -lgmodule-2.0 -lgthread-2.0 -lrt -lglib-2.0  '
GLIB_MKENUMS='glib-mkenums'
GLIB_REQUIRED='2.17.6'
GLIB_REQUIRED_FOR_DBUS='2.26.0'
GMIME_CFLAGS='-pthread -D_LARGEFILE64_SOURCE -I/usr/include/glib-2.0 -I/usr/lib/x86_64-linux-gnu/glib-2.0/include -I/usr/include/gmime-2.6  '
GMIME_LIBS='-lgmime-2.6 -lgio-2.0 -lgobject-2.0 -lglib-2.0  '
GMIME_REQUIRED=''
GMOFILES=''
GMSGFMT='/usr/bin/msgfmt'
GNUTLS_CFLAGS='-I/usr/include/p11-kit-1  '
GNUTLS_LIBS='-lgnutls  '
GNUTLS_REQUIRED='3.0.0'
GOBJECT_QUERY='gobject-query'
GREP='/bin/grep'
GTKSPELL_CFLAGS=''
GTKSPELL_LIBS=''
GTKSPELL_REQUIRED='2.0.7'
GTK_CFLAGS='-pthread -I/usr/include/gtk-2.0 -I/usr/lib/x86_64-linux-gnu/gtk-2.0/include -I/usr/include/atk-1.0 -I/usr/include/cairo -I/usr/include/gdk-pixbuf-2.0 -I/usr/include/pango-1.0 -I/usr/include/gio-unix-2.0/ -I/usr/include/glib-2.0 -I/usr/lib/x86_64-linux-gnu/glib-2.0/include -I/usr/include/pixman-1 -I/usr/include/freetype2 -I/usr/include/libpng12  '
GTK_LIBS='-pthread -lgtk-x11-2.0 -lgdk-x11-2.0 -latk-1.0 -lgio-2.0 -lpangoft2-1.0 -lpangocairo-1.0 -lgdk_pixbuf-2.0 -lcairo -lpango-1.0 -lfreetype -lfontconfig -lgobject-2.0 -lgthread-2.0 -lrt -lglib-2.0  '
GTK_REQUIRED='2.16.0'
HAVE_WIN32_FALSE=''
HAVE_WIN32_TRUE='#'
INSTALL_DATA='${INSTALL} -m 644'
INSTALL_PROGRAM='${INSTALL}'
INSTALL_SCRIPT='${INSTALL}'
INSTALL_STRIP_PROGRAM='$(install_sh) -c -s'
INSTOBJEXT='.mo'
INTLLIBS=''
INTLTOOL_CAVES_RULE='%.caves:     %.caves.in     $(INTLTOOL_MERGE) $(wildcard $(top_srcdir)/po/*.po) ; $(INTLTOOL_V_MERGE)LC_ALL=C $(INTLTOOL_MERGE) $(INTLTOOL_V_MERGE_OPTIONS) -d -u -c $(top_builddir)/po/.intltool-merge-cache $(top_srcdir)/po $< $@'
INTLTOOL_DESKTOP_RULE='%.desktop:   %.desktop.in   $(INTLTOOL_MERGE) $(wildcard $(top_srcdir)/po/*.po) ; $(INTLTOOL_V_MERGE)LC_ALL=C $(INTLTOOL_MERGE) $(INTLTOOL_V_MERGE_OPTIONS) -d -u -c $(top_builddir)/po/.intltool-merge-cache $(top_srcdir)/po $< $@'
INTLTOOL_DIRECTORY_RULE='%.directory: %.directory.in $(INTLTOOL_MERGE) $(wildcard $(top_srcdir)/po/*.po) ; $(INTLTOOL_V_MERGE)LC_ALL=C $(INTLTOOL_MERGE) $(INTLTOOL_V_MERGE_OPTIONS) -d -u -c $(top_builddir)/po/.intltool-merge-cache $(top_srcdir)/po $< $@'
INTLTOOL_EXTRACT='/usr/bin/intltool-extract'
INTLTOOL_KBD_RULE='%.kbd:       %.kbd.in       $(INTLTOOL_MERGE) $(wildcard $(top_srcdir)/po/*.po) ; $(INTLTOOL_V_MERGE)LC_ALL=C $(INTLTOOL_MERGE) $(INTLTOOL_V_MERGE_OPTIONS) -x -u -m -c $(top_builddir)/po/.intltool-merge-cache $(top_srcdir)/po $< $@'
INTLTOOL_KEYS_RULE='%.keys:      %.keys.in      $(INTLTOOL_MERGE) $(wildcard $(top_srcdir)/po/*.po) ; $(INTLTOOL_V_MERGE)LC_ALL=C $(INTLTOOL_MERGE) $(INTLTOOL_V_MERGE_OPTIONS) -k -u -c $(top_builddir)/po/.intltool-merge-cache $(top_srcdir)/po $< $@'
INTLTOOL_MERGE='/usr/bin/intltool-merge'
INTLTOOL_OAF_RULE='%.oaf:       %.oaf.in       $(INTLTOOL_MERGE) $(wildcard $(top_srcdir)/po/*.po) ; $(INTLTOOL_V_MERGE)LC_ALL=C $(INTLTOOL_MERGE) $(INTLTOOL_V_MERGE_OPTIONS) -o -p $(top_srcdir)/po $< $@'
INTLTOOL_PERL='/usr/bin/perl'
INTLTOOL_POLICY_RULE='%.policy:    %.policy.in    $(INTLTOOL_MERGE) $(wildcard $(top_srcdir)/po/*.po) ; $(INTLTOOL_V_MERGE)LC_ALL=C $(INTLTOOL_MERGE) $(INTLTOOL_V_MERGE_OPTIONS) -x -u -c $(top_builddir)/po/.intltool-merge-cache $(top_srcdir)/po $< $@'
INTLTOOL_PONG_RULE='%.pong:      %.pong.in      $(INTLTOOL_MERGE) $(wildcard $(top_srcdir)/po/*.po) ; $(INTLTOOL_V_MERGE)LC_ALL=C $(INTLTOOL_MERGE) $(INTLTOOL_V_MERGE_OPTIONS) -x -u -c $(top_builddir)/po/.intltool-merge-cache $(top_srcdir)/po $< $@'
INTLTOOL_PROP_RULE='%.prop:      %.prop.in      $(INTLTOOL_MERGE) $(wildcard $(top_srcdir)/po/*.po) ; $(INTLTOOL_V_MERGE)LC_ALL=C $(INTLTOOL_MERGE) $(INTLTOOL_V_MERGE_OPTIONS) -d -u -c $(top_builddir)/po/.intltool-merge-cache $(top_srcdir)/po $< $@'
INTLTOOL_SCHEMAS_RULE='%.schemas:   %.schemas.in   $(INTLTOOL_MERGE) $(wildcard $(top_srcdir)/po/*.po) ; $(INTLTOOL_V_MERGE)LC_ALL=C $(INTLTOOL_MERGE) $(INTLTOOL_V_MERGE_OPTIONS) -s -u -c $(top_builddir)/po/.intltool-merge-cache $(top_srcdir)/po $< $@'
INTLTOOL_SERVER_RULE='%.server:    %.server.in    $(INTLTOOL_MERGE) $(wildcard $(top_srcdir)/po/*.po) ; $(INTLTOOL_V_MERGE)LC_ALL=C $(INTLTOOL_MERGE) $(INTLTOOL_V_MERGE_OPTIONS) -o -u -c $(top_builddir)/po/.intltool-merge-cache $(top_srcdir)/po $< $@'
INTLTOOL_SERVICE_RULE='%.service: %.service.in   $(INTLTOOL_MERGE) $(wildcard $(top_srcdir)/po/*.po) ; $(INTLTOOL_V_MERGE)LC_ALL=C $(INTLTOOL_MERGE) $(INTLTOOL_V_MERGE_OPTIONS) -d -u -c $(top_builddir)/po/.intltool-merge-cache $(top_srcdir)/po $< $@'
INTLTOOL_SHEET_RULE='%.sheet:     %.sheet.in     $(INTLTOOL_MERGE) $(wildcard $(top_srcdir)/po/*.po) ; $(INTLTOOL_V_MERGE)LC_ALL=C $(INTLTOOL_MERGE) $(INTLTOOL_V_MERGE_OPTIONS) -x -u -c $(top_builddir)/po/.intltool-merge-cache $(top_srcdir)/po $< $@'
INTLTOOL_SOUNDLIST_RULE='%.soundlist: %.soundlist.in $(INTLTOOL_MERGE) $(wildcard $(top_srcdir)/po/*.po) ; $(INTLTOOL_V_MERGE)LC_ALL=C $(INTLTOOL_MERGE) $(INTLTOOL_V_MERGE_OPTIONS) -d -u -c $(top_builddir)/po/.intltool-merge-cache $(top_srcdir)/po $< $@'
INTLTOOL_THEME_RULE='%.theme:     %.theme.in     $(INTLTOOL_MERGE) $(wildcard $(top_srcdir)/po/*.po) ; $(INTLTOOL_V_MERGE)LC_ALL=C $(INTLTOOL_MERGE) $(INTLTOOL_V_MERGE_OPTIONS) -d -u -c $(top_builddir)/po/.intltool-merge-cache $(top_srcdir)/po $< $@'
INTLTOOL_UI_RULE='%.ui:        %.ui.in        $(INTLTOOL_MERGE) $(wildcard $(top_srcdir)/po/*.po) ; $(INTLTOOL_V_MERGE)LC_ALL=C $(INTLTOOL_MERGE) $(INTLTOOL_V_MERGE_OPTIONS) -x -u -c $(top_builddir)/po/.intltool-merge-cache $(top_srcdir)/po $< $@'
INTLTOOL_UPDATE='/usr/bin/intltool-update'
INTLTOOL_V_MERGE='$(INTLTOOL__v_MERGE_$(V))'
INTLTOOL_V_MERGE_OPTIONS='$(intltool__v_merge_options_$(V))'
INTLTOOL_XAM_RULE='%.xam:       %.xml.in       $(INTLTOOL_MERGE) $(wildcard $(top_srcdir)/po/*.po) ; $(INTLTOOL_V_MERGE)LC_ALL=C $(INTLTOOL_MERGE) $(INTLTOOL_V_MERGE_OPTIONS) -x -u -c $(top_builddir)/po/.intltool-merge-cache $(top_srcdir)/po $< $@'
INTLTOOL_XML_NOMERGE_RULE='%.xml:       %.xml.in       $(INTLTOOL_MERGE) ; $(INTLTOOL_V_MERGE)LC_ALL=C $(INTLTOOL_MERGE) $(INTLTOOL_V_MERGE_OPTIONS) -x -u --no-translations $< $@'
INTLTOOL_XML_RULE='%.xml:       %.xml.in       $(INTLTOOL_MERGE) $(wildcard $(top_srcdir)/po/*.po) ; $(INTLTOOL_V_MERGE)LC_ALL=C $(INTLTOOL_MERGE) $(INTLTOOL_V_MERGE_OPTIONS) -x -u -c $(top_builddir)/po/.intltool-merge-cache $(top_srcdir)/po $< $@'
INTLTOOL__v_MERGE_0='@echo "  ITMRG " $@;'
INTLTOOL__v_MERGE_='$(INTLTOOL__v_MERGE_$(AM_DEFAULT_VERBOSITY))'
LDFLAGS=''
LIBGKR_REQUIRED='3.2.0'
LIBGNOME_KEYRING_1_CFLAGS=''
LIBGNOME_KEYRING_1_LIBS=''
LIBNOTIFY_CFLAGS=''
LIBNOTIFY_LIBS=''
LIBNOTIFY_REQUIRED='0.4.1'
LIBOBJS=''
LIBS=''
LTLIBOBJS=''
MAINT=''
MAINTAINER_MODE_FALSE='#'
MAINTAINER_MODE_TRUE=''
MAKEINFO='${SHELL} /home/herald/workspace/pan-0.139/missing --run makeinfo'
MKDIR_P='/bin/mkdir -p'
MKINSTALLDIRS='./mkinstalldirs'
MSGFMT='/usr/bin/msgfmt'
MSGFMT_OPTS='-c'
MSGMERGE='/usr/bin/msgmerge'
OBJEXT='o'
PACKAGE='pan'
PACKAGE_BUGREPORT='https://bugzilla.gnome.org/enter_bug.cgi?product=Pan'
PACKAGE_NAME='Pan'
PACKAGE_STRING='Pan 0.139'
PACKAGE_TARNAME='pan'
PACKAGE_URL='http://pan.rebelbase.com/'
PACKAGE_VERSION='0.139'
PATH_SEPARATOR=':'
PKG_CONFIG='/usr/bin/pkg-config'
PKG_CONFIG_LIBDIR=''
PKG_CONFIG_PATH=''
POFILES=''
POSUB='po'
PO_IN_DATADIR_FALSE=''
PO_IN_DATADIR_TRUE=''
RANLIB='ranlib'
SET_MAKE=''
SHELL='/bin/bash'
STRIP=''
USE_NLS='yes'
VERSION='0.139'
WINDRES=''
XGETTEXT='/usr/bin/xgettext'
ac_ct_CC='gcc'
ac_ct_CXX='g++'
am__EXEEXT_FALSE=''
am__EXEEXT_TRUE='#'
am__fastdepCC_FALSE='#'
am__fastdepCC_TRUE=''
am__fastdepCXX_FALSE='#'
am__fastdepCXX_TRUE=''
am__include='include'
am__isrc=''
am__leading_dot='.'
am__nodep='_no'
am__quote=''
am__tar='tar --format=ustar -chf - "$$tardir"'
am__untar='tar -xf -'
bindir='${exec_prefix}/bin'
build='x86_64-unknown-linux-gnu'
build_alias=''
build_cpu='x86_64'
build_os='linux-gnu'
build_vendor='unknown'
datadir='${datarootdir}'
datarootdir='${prefix}/share'
docdir='${datarootdir}/doc/${PACKAGE_TARNAME}'
dvidir='${docdir}'
exec_prefix='${prefix}'
host='x86_64-unknown-linux-gnu'
host_alias=''
host_cpu='x86_64'
host_os='linux-gnu'
host_vendor='unknown'
htmldir='${docdir}'
includedir='${prefix}/include'
infodir='${datarootdir}/info'
install_sh='${SHELL} /home/herald/workspace/pan-0.139/install-sh'
intltool__v_merge_options_0='-q'
intltool__v_merge_options_='$(intltool__v_merge_options_$(AM_DEFAULT_VERBOSITY))'
libdir='${exec_prefix}/lib'
libexecdir='${exec_prefix}/libexec'
localedir='${datarootdir}/locale'
localstatedir='${prefix}/var'
mandir='${datarootdir}/man'
mkdir_p='/bin/mkdir -p'
oldincludedir='/usr/include'
panlocaledir='${prefix}/${DATADIRNAME}/locale'
pdfdir='${docdir}'
prefix='/usr/local'
program_transform_name='s,x,x,'
psdir='${docdir}'
sbindir='${exec_prefix}/sbin'
sharedstatedir='${prefix}/com'
sysconfdir='${prefix}/etc'
target_alias=''

## ----------- ##
## confdefs.h. ##
## ----------- ##

/* confdefs.h */
#define PACKAGE_NAME "Pan"
#define PACKAGE_TARNAME "pan"
#define PACKAGE_VERSION "0.139"
#define PACKAGE_STRING "Pan 0.139"
#define PACKAGE_BUGREPORT "https://bugzilla.gnome.org/enter_bug.cgi?product=Pan"
#define PACKAGE_URL "http://pan.rebelbase.com/"
#define VERSION_MAJOR 0
#define VERSION_MINOR 139
#define VERSION_REVISION 0
#define VERSION_TITLE "Sexual Chocolate"
#define GIT_REV "GIT bf56508 git://git.gnome.org/pan2"
#define PACKAGE "pan"
#define VERSION "0.139"
#define STDC_HEADERS 1
#define TIME_WITH_SYS_TIME 1
#define HAVE_LOCALTIME_R 1
#define HAVE_CLOSE 1
#define HAVE_TR1_UNORDERED_SET /**/
#define HAVE_NAMESPACES /**/
#define HAVE_EXT_HASH_SET /**/
#define HAVE_SYS_TYPES_H 1
#define HAVE_SYS_STAT_H 1
#define HAVE_STDLIB_H 1
#define HAVE_STRING_H 1
#define HAVE_MEMORY_H 1
#define HAVE_STRINGS_H 1
#define HAVE_INTTYPES_H 1
#define HAVE_STDINT_H 1
#define HAVE_UNISTD_H 1
#define HAVE_ERRNO_H 1
#define HAVE_FCNTL_H 1
#define GETTEXT_PACKAGE "pan"
#define HAVE_LOCALE_H 1
#define HAVE_LC_MESSAGES 1
#define HAVE_BIND_TEXTDOMAIN_CODESET 1
#define HAVE_GETTEXT 1
#define HAVE_DCGETTEXT 1
#define ENABLE_NLS 1
#define HAVE_GMIME_CRYPTO 1
#define HAVE_GNUTLS 1
#define HAVE_LKSTRFTIME 1
#define PLATFORM_INFO "x86_64-unknown-linux-gnu"

configure: exit 0
